<?xml version="1.0" encoding="UTF-8"?>
<testng-results ignored="0" total="1" passed="1" failed="0" skipped="0">
  <reporter-output>
  </reporter-output>
  <suite started-at="2025-06-29T12:14:12 IST" name="Default suite" finished-at="2025-06-29T12:14:19 IST" duration-ms="6937">
    <groups>
    </groups>
    <test started-at="2025-06-29T12:14:12 IST" name="Default test" finished-at="2025-06-29T12:14:19 IST" duration-ms="6937">
      <class name="robotclassusage.TakeFullScreenshotUsage">
        <test-method signature="test()[pri:0, instance:robotclassusage.TakeFullScreenshotUsage@27ce24aa]" started-at="2025-06-29T12:14:12 IST" name="test" finished-at="2025-06-29T12:14:19 IST" duration-ms="6879" status="PASS">
          <reporter-output>
          </reporter-output>
        </test-method> <!-- test -->
      </class> <!-- robotclassusage.TakeFullScreenshotUsage -->
    </test> <!-- Default test -->
  </suite> <!-- Default suite -->
</testng-results>
